{"C:\\Users\\USER\\Desktop\\Testing\\Testing\\src\\modules\\clear.js": {"path":"C:\\Users\\USER\\Desktop\\Testing\\Testing\\src\\modules\\clear.js","statementMap":{"0":{"start":{"line":1,"column":17},"end":{"line":1,"column":49}},"1":{"start":{"line":3,"column":19},"end":{"line":8,"column":1}},"2":{"start":{"line":4,"column":2},"end":{"line":4,"column":83}},"3":{"start":{"line":4,"column":57},"end":{"line":4,"column":81}},"4":{"start":{"line":5,"column":2},"end":{"line":5,"column":26}},"5":{"start":{"line":6,"column":2},"end":{"line":6,"column":35}},"6":{"start":{"line":7,"column":2},"end":{"line":7,"column":26}}},"fnMap":{"0":{"name":"(anonymous_0)","decl":{"start":{"line":3,"column":19},"end":{"line":3,"column":20}},"loc":{"start":{"line":3,"column":34},"end":{"line":8,"column":1}},"line":3},"1":{"name":"(anonymous_1)","decl":{"start":{"line":4,"column":47},"end":{"line":4,"column":48}},"loc":{"start":{"line":4,"column":57},"end":{"line":4,"column":81}},"line":4}},"branchMap":{},"s":{"0":1,"1":1,"2":1,"3":3,"4":1,"5":1,"6":1},"f":{"0":1,"1":3},"b":{},"_coverageSchema":"1a1c01bbd47fc00a2c39e90264f33305004495a9","hash":"278701d1c815c2f2db5a8c012b80171f917281ca"}
,"C:\\Users\\USER\\Desktop\\Testing\\Testing\\src\\modules\\task.js": {"path":"C:\\Users\\USER\\Desktop\\Testing\\Testing\\src\\modules\\task.js","statementMap":{"0":{"start":{"line":7,"column":4},"end":{"line":7,"column":22}},"1":{"start":{"line":10,"column":14},"end":{"line":14,"column":5}},"2":{"start":{"line":11,"column":6},"end":{"line":11,"column":97}},"3":{"start":{"line":12,"column":6},"end":{"line":12,"column":34}},"4":{"start":{"line":13,"column":6},"end":{"line":13,"column":25}},"5":{"start":{"line":16,"column":17},"end":{"line":21,"column":5}},"6":{"start":{"line":17,"column":6},"end":{"line":17,"column":73}},"7":{"start":{"line":17,"column":51},"end":{"line":17,"column":71}},"8":{"start":{"line":18,"column":6},"end":{"line":18,"column":25}},"9":{"start":{"line":19,"column":6},"end":{"line":19,"column":34}},"10":{"start":{"line":20,"column":6},"end":{"line":20,"column":25}},"11":{"start":{"line":23,"column":18},"end":{"line":28,"column":5}},"12":{"start":{"line":24,"column":6},"end":{"line":27,"column":9}},"13":{"start":{"line":25,"column":8},"end":{"line":25,"column":31}},"14":{"start":{"line":26,"column":8},"end":{"line":26,"column":20}},"15":{"start":{"line":30,"column":24},"end":{"line":32,"column":5}},"16":{"start":{"line":31,"column":6},"end":{"line":31,"column":57}},"17":{"start":{"line":34,"column":17},"end":{"line":82,"column":4}},"18":{"start":{"line":35,"column":18},"end":{"line":35,"column":56}},"19":{"start":{"line":36,"column":5},"end":{"line":36,"column":25}},"20":{"start":{"line":37,"column":5},"end":{"line":50,"column":6}},"21":{"start":{"line":37,"column":18},"end":{"line":37,"column":19}},"22":{"start":{"line":38,"column":7},"end":{"line":49,"column":12}},"23":{"start":{"line":52,"column":29},"end":{"line":52,"column":63}},"24":{"start":{"line":53,"column":5},"end":{"line":60,"column":8}},"25":{"start":{"line":54,"column":6},"end":{"line":59,"column":9}},"26":{"start":{"line":55,"column":19},"end":{"line":55,"column":59}},"27":{"start":{"line":56,"column":31},"end":{"line":56,"column":49}},"28":{"start":{"line":57,"column":8},"end":{"line":57,"column":50}},"29":{"start":{"line":58,"column":8},"end":{"line":58,"column":36}},"30":{"start":{"line":62,"column":23},"end":{"line":62,"column":65}},"31":{"start":{"line":63,"column":5},"end":{"line":68,"column":8}},"32":{"start":{"line":64,"column":7},"end":{"line":67,"column":10}},"33":{"start":{"line":65,"column":20},"end":{"line":65,"column":73}},"34":{"start":{"line":66,"column":9},"end":{"line":66,"column":29}},"35":{"start":{"line":70,"column":24},"end":{"line":70,"column":73}},"36":{"start":{"line":71,"column":5},"end":{"line":81,"column":8}},"37":{"start":{"line":72,"column":7},"end":{"line":80,"column":10}},"38":{"start":{"line":73,"column":28},"end":{"line":73,"column":70}},"39":{"start":{"line":74,"column":26},"end":{"line":74,"column":99}},"40":{"start":{"line":75,"column":26},"end":{"line":75,"column":91}},"41":{"start":{"line":76,"column":9},"end":{"line":76,"column":53}},"42":{"start":{"line":77,"column":9},"end":{"line":77,"column":45}},"43":{"start":{"line":78,"column":9},"end":{"line":78,"column":45}},"44":{"start":{"line":79,"column":9},"end":{"line":79,"column":59}},"45":{"start":{"line":84,"column":18},"end":{"line":87,"column":3}},"46":{"start":{"line":85,"column":4},"end":{"line":85,"column":65}},"47":{"start":{"line":86,"column":4},"end":{"line":86,"column":32}},"48":{"start":{"line":89,"column":25},"end":{"line":91,"column":3}},"49":{"start":{"line":90,"column":4},"end":{"line":90,"column":68}}},"fnMap":{"0":{"name":"(anonymous_0)","decl":{"start":{"line":6,"column":2},"end":{"line":6,"column":3}},"loc":{"start":{"line":6,"column":16},"end":{"line":8,"column":3}},"line":6},"1":{"name":"(anonymous_1)","decl":{"start":{"line":10,"column":14},"end":{"line":10,"column":15}},"loc":{"start":{"line":10,"column":24},"end":{"line":14,"column":5}},"line":10},"2":{"name":"(anonymous_2)","decl":{"start":{"line":16,"column":17},"end":{"line":16,"column":18}},"loc":{"start":{"line":16,"column":28},"end":{"line":21,"column":5}},"line":16},"3":{"name":"(anonymous_3)","decl":{"start":{"line":17,"column":41},"end":{"line":17,"column":42}},"loc":{"start":{"line":17,"column":51},"end":{"line":17,"column":71}},"line":17},"4":{"name":"(anonymous_4)","decl":{"start":{"line":23,"column":18},"end":{"line":23,"column":19}},"loc":{"start":{"line":23,"column":24},"end":{"line":28,"column":5}},"line":23},"5":{"name":"(anonymous_5)","decl":{"start":{"line":24,"column":38},"end":{"line":24,"column":39}},"loc":{"start":{"line":24,"column":55},"end":{"line":27,"column":7}},"line":24},"6":{"name":"(anonymous_6)","decl":{"start":{"line":30,"column":24},"end":{"line":30,"column":25}},"loc":{"start":{"line":30,"column":51},"end":{"line":32,"column":5}},"line":30},"7":{"name":"(anonymous_7)","decl":{"start":{"line":34,"column":17},"end":{"line":34,"column":18}},"loc":{"start":{"line":34,"column":23},"end":{"line":82,"column":4}},"line":34},"8":{"name":"(anonymous_8)","decl":{"start":{"line":53,"column":29},"end":{"line":53,"column":30}},"loc":{"start":{"line":53,"column":40},"end":{"line":60,"column":6}},"line":53},"9":{"name":"(anonymous_9)","decl":{"start":{"line":54,"column":39},"end":{"line":54,"column":40}},"loc":{"start":{"line":54,"column":50},"end":{"line":59,"column":7}},"line":54},"10":{"name":"(anonymous_10)","decl":{"start":{"line":63,"column":23},"end":{"line":63,"column":24}},"loc":{"start":{"line":63,"column":35},"end":{"line":68,"column":6}},"line":63},"11":{"name":"(anonymous_11)","decl":{"start":{"line":64,"column":40},"end":{"line":64,"column":41}},"loc":{"start":{"line":64,"column":51},"end":{"line":67,"column":8}},"line":64},"12":{"name":"(anonymous_12)","decl":{"start":{"line":71,"column":24},"end":{"line":71,"column":25}},"loc":{"start":{"line":71,"column":38},"end":{"line":81,"column":6}},"line":71},"13":{"name":"(anonymous_13)","decl":{"start":{"line":72,"column":43},"end":{"line":72,"column":44}},"loc":{"start":{"line":72,"column":54},"end":{"line":80,"column":8}},"line":72},"14":{"name":"(anonymous_14)","decl":{"start":{"line":84,"column":18},"end":{"line":84,"column":19}},"loc":{"start":{"line":84,"column":28},"end":{"line":87,"column":3}},"line":84},"15":{"name":"(anonymous_15)","decl":{"start":{"line":89,"column":25},"end":{"line":89,"column":26}},"loc":{"start":{"line":89,"column":31},"end":{"line":91,"column":3}},"line":89}},"branchMap":{},"s":{"0":4,"1":4,"2":4,"3":4,"4":4,"5":4,"6":3,"7":6,"8":3,"9":3,"10":3,"11":4,"12":4,"13":5,"14":5,"15":4,"16":1,"17":4,"18":11,"19":11,"20":11,"21":11,"22":21,"23":11,"24":11,"25":21,"26":0,"27":0,"28":0,"29":0,"30":11,"31":11,"32":21,"33":0,"34":0,"35":11,"36":11,"37":21,"38":0,"39":0,"40":0,"41":0,"42":0,"43":0,"44":0,"45":4,"46":1,"47":1,"48":4,"49":9},"f":{"0":4,"1":4,"2":3,"3":6,"4":4,"5":5,"6":1,"7":11,"8":21,"9":0,"10":21,"11":0,"12":21,"13":0,"14":1,"15":9},"b":{},"_coverageSchema":"1a1c01bbd47fc00a2c39e90264f33305004495a9","hash":"022f9d1f6a8149e08d0d6f249bf0fdd8a463903b"}
}
