TN:
SF:src\modules\clear.js
FN:3,(anonymous_0)
FN:4,(anonymous_1)
FNF:2
FNH:0
FNDA:0,(anonymous_0)
FNDA:0,(anonymous_1)
DA:1,1
DA:3,1
DA:4,0
DA:5,0
DA:6,0
DA:7,0
LF:6
LH:2
BRF:0
BRH:0
end_of_record
TN:
SF:src\modules\task.js
FN:6,(anonymous_0)
FN:10,(anonymous_1)
FN:16,(anonymous_2)
FN:17,(anonymous_3)
FN:23,(anonymous_4)
FN:24,(anonymous_5)
FN:30,(anonymous_6)
FN:34,(anonymous_7)
FN:53,(anonymous_8)
FN:54,(anonymous_9)
FN:63,(anonymous_10)
FN:64,(anonymous_11)
FN:71,(anonymous_12)
FN:72,(anonymous_13)
FN:84,(anonymous_14)
FN:89,(anonymous_15)
FNF:16
FNH:13
FNDA:4,(anonymous_0)
FNDA:4,(anonymous_1)
FNDA:3,(anonymous_2)
FNDA:6,(anonymous_3)
FNDA:3,(anonymous_4)
FNDA:3,(anonymous_5)
FNDA:1,(anonymous_6)
FNDA:10,(anonymous_7)
FNDA:19,(anonymous_8)
FNDA:0,(anonymous_9)
FNDA:19,(anonymous_10)
FNDA:0,(anonymous_11)
FNDA:19,(anonymous_12)
FNDA:0,(anonymous_13)
FNDA:2,(anonymous_14)
FNDA:9,(anonymous_15)
DA:7,4
DA:10,4
DA:11,4
DA:12,4
DA:13,4
DA:16,4
DA:17,6
DA:18,3
DA:19,3
DA:20,3
DA:23,4
DA:24,3
DA:25,3
DA:26,3
DA:30,4
DA:31,1
DA:34,4
DA:35,10
DA:36,10
DA:37,10
DA:38,19
DA:52,10
DA:53,10
DA:54,19
DA:55,0
DA:56,0
DA:57,0
DA:58,0
DA:62,10
DA:63,10
DA:64,19
DA:65,0
DA:66,0
DA:70,10
DA:71,10
DA:72,19
DA:73,0
DA:74,0
DA:75,0
DA:76,0
DA:77,0
DA:78,0
DA:79,0
DA:84,4
DA:85,2
DA:86,2
DA:89,4
DA:90,9
LF:48
LH:35
BRF:0
BRH:0
end_of_record
